<?xml version="1.0" encoding="UTF-8"?>
<beans xmlns="http://www.springframework.org/schema/beans"
	xmlns:xsi="http://www.w3.org/2001/XMLSchema-instance" 
	xmlns:tx="http://www.springframework.org/schema/tx"
	xmlns:p="http://www.springframework.org/schema/p"
	xmlns:jdbc="http://www.springframework.org/schema/jdbc"
	xsi:schemaLocation="
		http://www.springframework.org/schema/beans 
		http://www.springframework.org/schema/beans/spring-beans.xsd
		http://www.springframework.org/schema/tx 
		http://www.springframework.org/schema/tx/spring-tx.xsd
		http://www.springframework.org/schema/jdbc
		http://www.springframework.org/schema/jdbc/spring-jdbc.xsd">
		
	<jdbc:embedded-database id="dataSource" type="HSQL">
		<jdbc:script location="classpath:database/spring-batch/schema-hsqldb.sql"/>
		<jdbc:script location="classpath:database/init/create-tables.sql"/>
	</jdbc:embedded-database>
		
	<bean
		class="org.springframework.jdbc.core.JdbcTemplate"
		p:dataSource-ref="dataSource" />

</beans>